<?xml version="1.0" encoding="UTF-8"?>
<testng-results skipped="0" failed="0" ignored="0" total="1" passed="1">
  <reporter-output>
    <line>
      <![CDATA[URL Opened <br>]]>
    </line>
    <line>
      <![CDATA[Username and password entered <br>]]>
    </line>
    <line>
      <![CDATA[Click on Sign In <br>]]>
    </line>
    <line>
      <![CDATA[Search Product Laptop <br>]]>
    </line>
    <line>
      <![CDATA[Add to cart product successfully]]>
    </line>
  </reporter-output>
  <suite name="Default suite" duration-ms="133743" started-at="2020-01-09T09:28:35Z" finished-at="2020-01-09T09:30:49Z">
    <groups>
    </groups>
    <test name="Default test" duration-ms="133743" started-at="2020-01-09T09:28:35Z" finished-at="2020-01-09T09:30:49Z">
      <class name="CsCart.SignIn">
        <test-method status="PASS" signature="signin()[pri:0, instance:CsCart.SignIn@4f933fd1]" name="signin" duration-ms="133638" started-at="2020-01-09T09:28:35Z" finished-at="2020-01-09T09:30:49Z">
          <reporter-output>
            <line>
              <![CDATA[URL Opened <br>]]>
            </line>
            <line>
              <![CDATA[Username and password entered <br>]]>
            </line>
            <line>
              <![CDATA[Click on Sign In <br>]]>
            </line>
            <line>
              <![CDATA[Search Product Laptop <br>]]>
            </line>
            <line>
              <![CDATA[Add to cart product successfully]]>
            </line>
          </reporter-output>
        </test-method> <!-- signin -->
      </class> <!-- CsCart.SignIn -->
    </test> <!-- Default test -->
  </suite> <!-- Default suite -->
</testng-results>
